{"/Users/iustefan/Projects/personal-library-manager-vite/src/App.tsx": {"path":"/Users/iustefan/Projects/personal-library-manager-vite/src/App.tsx","all":true,"statementMap":{"0":{"start":{"line":1,"column":0},"end":{"line":1,"column":26}},"8":{"start":{"line":9,"column":0},"end":{"line":9,"column":23}},"9":{"start":{"line":10,"column":0},"end":{"line":10,"column":45}},"11":{"start":{"line":12,"column":0},"end":{"line":12,"column":29}},"12":{"start":{"line":13,"column":0},"end":{"line":13,"column":10}},"13":{"start":{"line":14,"column":0},"end":{"line":14,"column":79}},"15":{"start":{"line":16,"column":0},"end":{"line":16,"column":32}},"16":{"start":{"line":17,"column":0},"end":{"line":17,"column":17}},"17":{"start":{"line":18,"column":0},"end":{"line":18,"column":72}},"24":{"start":{"line":25,"column":0},"end":{"line":25,"column":41}},"25":{"start":{"line":26,"column":0},"end":{"line":26,"column":27}},"27":{"start":{"line":28,"column":0},"end":{"line":28,"column":15}},"28":{"start":{"line":29,"column":0},"end":{"line":29,"column":24}},"34":{"start":{"line":35,"column":0},"end":{"line":35,"column":10}},"35":{"start":{"line":36,"column":0},"end":{"line":36,"column":26}},"36":{"start":{"line":37,"column":0},"end":{"line":37,"column":13}},"37":{"start":{"line":38,"column":0},"end":{"line":38,"column":16}},"38":{"start":{"line":39,"column":0},"end":{"line":39,"column":30}},"39":{"start":{"line":40,"column":0},"end":{"line":40,"column":34}},"40":{"start":{"line":41,"column":0},"end":{"line":41,"column":25}},"41":{"start":{"line":42,"column":0},"end":{"line":42,"column":50}},"42":{"start":{"line":43,"column":0},"end":{"line":43,"column":10}},"44":{"start":{"line":45,"column":0},"end":{"line":45,"column":36}},"45":{"start":{"line":46,"column":0},"end":{"line":46,"column":63}},"50":{"start":{"line":51,"column":0},"end":{"line":51,"column":2}},"52":{"start":{"line":53,"column":0},"end":{"line":53,"column":19}}},"s":{"0":0,"8":0,"9":0,"11":0,"12":0,"13":0,"15":0,"16":0,"17":0,"24":0,"25":0,"27":0,"28":0,"34":0,"35":0,"36":0,"37":0,"38":0,"39":0,"40":0,"41":0,"42":0,"44":0,"45":0,"50":0,"52":0},"branchMap":{"0":{"type":"branch","line":1,"loc":{"start":{"line":1,"column":0},"end":{"line":53,"column":-746}},"locations":[{"start":{"line":1,"column":0},"end":{"line":53,"column":-746}}]}},"b":{"0":[0]},"fnMap":{"0":{"name":"(empty-report)","decl":{"start":{"line":1,"column":0},"end":{"line":53,"column":-746}},"loc":{"start":{"line":1,"column":0},"end":{"line":53,"column":-746}},"line":1}},"f":{"0":0}}
,"/Users/iustefan/Projects/personal-library-manager-vite/src/main.tsx": {"path":"/Users/iustefan/Projects/personal-library-manager-vite/src/main.tsx","all":true,"statementMap":{"0":{"start":{"line":1,"column":0},"end":{"line":1,"column":34}},"1":{"start":{"line":2,"column":0},"end":{"line":2,"column":45}},"2":{"start":{"line":3,"column":0},"end":{"line":3,"column":20}},"3":{"start":{"line":4,"column":0},"end":{"line":4,"column":27}},"5":{"start":{"line":6,"column":0},"end":{"line":6,"column":52}},"6":{"start":{"line":7,"column":0},"end":{"line":7,"column":14}},"7":{"start":{"line":8,"column":0},"end":{"line":8,"column":11}}},"s":{"0":0,"1":0,"2":0,"3":0,"5":0,"6":0,"7":0},"branchMap":{"0":{"type":"branch","line":1,"loc":{"start":{"line":1,"column":229},"end":{"line":10,"column":1}},"locations":[{"start":{"line":1,"column":229},"end":{"line":10,"column":1}}]}},"b":{"0":[0]},"fnMap":{"0":{"name":"(empty-report)","decl":{"start":{"line":1,"column":229},"end":{"line":10,"column":1}},"loc":{"start":{"line":1,"column":229},"end":{"line":10,"column":1}},"line":1}},"f":{"0":0}}
,"/Users/iustefan/Projects/personal-library-manager-vite/src/api/axiosConfig.ts": {"path":"/Users/iustefan/Projects/personal-library-manager-vite/src/api/axiosConfig.ts","all":false,"statementMap":{"0":{"start":{"line":1,"column":0},"end":{"line":1,"column":26}},"2":{"start":{"line":3,"column":0},"end":{"line":3,"column":36}},"3":{"start":{"line":4,"column":0},"end":{"line":4,"column":106}},"4":{"start":{"line":5,"column":0},"end":{"line":5,"column":12}},"5":{"start":{"line":6,"column":0},"end":{"line":6,"column":39}},"6":{"start":{"line":7,"column":0},"end":{"line":7,"column":4}},"7":{"start":{"line":8,"column":0},"end":{"line":8,"column":3}},"9":{"start":{"line":10,"column":0},"end":{"line":10,"column":29}}},"s":{"0":1,"2":1,"3":1,"4":1,"5":1,"6":1,"7":1,"9":1},"branchMap":{},"b":{},"fnMap":{},"f":{}}
,"/Users/iustefan/Projects/personal-library-manager-vite/src/api/bookService.ts": {"path":"/Users/iustefan/Projects/personal-library-manager-vite/src/api/bookService.ts","all":false,"statementMap":{"0":{"start":{"line":1,"column":0},"end":{"line":1,"column":34}},"11":{"start":{"line":12,"column":0},"end":{"line":12,"column":18}},"12":{"start":{"line":13,"column":0},"end":{"line":13,"column":56}},"13":{"start":{"line":14,"column":0},"end":{"line":14,"column":45}},"14":{"start":{"line":15,"column":0},"end":{"line":15,"column":23}},"15":{"start":{"line":16,"column":0},"end":{"line":16,"column":2}},"17":{"start":{"line":18,"column":0},"end":{"line":18,"column":17}},"18":{"start":{"line":19,"column":0},"end":{"line":19,"column":61}},"19":{"start":{"line":20,"column":0},"end":{"line":20,"column":52}},"20":{"start":{"line":21,"column":0},"end":{"line":21,"column":23}},"21":{"start":{"line":22,"column":0},"end":{"line":22,"column":2}},"23":{"start":{"line":24,"column":0},"end":{"line":24,"column":16}},"24":{"start":{"line":25,"column":0},"end":{"line":25,"column":76}},"25":{"start":{"line":26,"column":0},"end":{"line":26,"column":57}},"26":{"start":{"line":27,"column":0},"end":{"line":27,"column":23}},"27":{"start":{"line":28,"column":0},"end":{"line":28,"column":2}},"29":{"start":{"line":30,"column":0},"end":{"line":30,"column":16}},"30":{"start":{"line":31,"column":0},"end":{"line":31,"column":64}},"31":{"start":{"line":32,"column":0},"end":{"line":32,"column":37}},"32":{"start":{"line":33,"column":0},"end":{"line":33,"column":2}}},"s":{"0":1,"11":1,"12":1,"13":2,"14":1,"15":1,"17":1,"18":1,"19":2,"20":1,"21":1,"23":1,"24":1,"25":2,"26":1,"27":1,"29":1,"30":1,"31":2,"32":1},"branchMap":{"0":{"type":"branch","line":13,"loc":{"start":{"line":13,"column":26},"end":{"line":16,"column":2}},"locations":[{"start":{"line":13,"column":26},"end":{"line":16,"column":2}}]},"1":{"type":"branch","line":14,"loc":{"start":{"line":14,"column":35},"end":{"line":16,"column":2}},"locations":[{"start":{"line":14,"column":35},"end":{"line":16,"column":2}}]},"2":{"type":"branch","line":19,"loc":{"start":{"line":19,"column":23},"end":{"line":22,"column":2}},"locations":[{"start":{"line":19,"column":23},"end":{"line":22,"column":2}}]},"3":{"type":"branch","line":20,"loc":{"start":{"line":20,"column":46},"end":{"line":22,"column":2}},"locations":[{"start":{"line":20,"column":46},"end":{"line":22,"column":2}}]},"4":{"type":"branch","line":25,"loc":{"start":{"line":25,"column":26},"end":{"line":28,"column":2}},"locations":[{"start":{"line":25,"column":26},"end":{"line":28,"column":2}}]},"5":{"type":"branch","line":26,"loc":{"start":{"line":26,"column":51},"end":{"line":28,"column":2}},"locations":[{"start":{"line":26,"column":51},"end":{"line":28,"column":2}}]},"6":{"type":"branch","line":31,"loc":{"start":{"line":31,"column":26},"end":{"line":33,"column":2}},"locations":[{"start":{"line":31,"column":26},"end":{"line":33,"column":2}}]},"7":{"type":"branch","line":32,"loc":{"start":{"line":32,"column":35},"end":{"line":33,"column":2}},"locations":[{"start":{"line":32,"column":35},"end":{"line":33,"column":2}}]}},"b":{"0":[2],"1":[1],"2":[2],"3":[1],"4":[2],"5":[1],"6":[2],"7":[1]},"fnMap":{"0":{"name":"fetchBooks","decl":{"start":{"line":13,"column":26},"end":{"line":16,"column":2}},"loc":{"start":{"line":13,"column":26},"end":{"line":16,"column":2}},"line":13},"1":{"name":"addBook","decl":{"start":{"line":19,"column":23},"end":{"line":22,"column":2}},"loc":{"start":{"line":19,"column":23},"end":{"line":22,"column":2}},"line":19},"2":{"name":"updateBook","decl":{"start":{"line":25,"column":26},"end":{"line":28,"column":2}},"loc":{"start":{"line":25,"column":26},"end":{"line":28,"column":2}},"line":25},"3":{"name":"deleteBook","decl":{"start":{"line":31,"column":26},"end":{"line":33,"column":2}},"loc":{"start":{"line":31,"column":26},"end":{"line":33,"column":2}},"line":31}},"f":{"0":2,"1":2,"2":2,"3":2}}
,"/Users/iustefan/Projects/personal-library-manager-vite/src/components/BookFormModal.tsx": {"path":"/Users/iustefan/Projects/personal-library-manager-vite/src/components/BookFormModal.tsx","all":false,"statementMap":{"0":{"start":{"line":1,"column":0},"end":{"line":1,"column":26}},"9":{"start":{"line":10,"column":0},"end":{"line":10,"column":23}},"10":{"start":{"line":11,"column":0},"end":{"line":11,"column":35}},"11":{"start":{"line":12,"column":0},"end":{"line":12,"column":27}},"12":{"start":{"line":13,"column":0},"end":{"line":13,"column":63}},"13":{"start":{"line":14,"column":0},"end":{"line":14,"column":45}},"21":{"start":{"line":22,"column":0},"end":{"line":22,"column":46}},"22":{"start":{"line":23,"column":0},"end":{"line":23,"column":7}},"23":{"start":{"line":24,"column":0},"end":{"line":24,"column":16}},"24":{"start":{"line":25,"column":0},"end":{"line":25,"column":10}},"25":{"start":{"line":26,"column":0},"end":{"line":26,"column":7}},"26":{"start":{"line":27,"column":0},"end":{"line":27,"column":68}},"28":{"start":{"line":29,"column":0},"end":{"line":29,"column":28}},"29":{"start":{"line":30,"column":0},"end":{"line":30,"column":18}},"30":{"start":{"line":31,"column":0},"end":{"line":31,"column":34}},"31":{"start":{"line":32,"column":0},"end":{"line":32,"column":56}},"32":{"start":{"line":33,"column":0},"end":{"line":33,"column":58}},"33":{"start":{"line":34,"column":0},"end":{"line":34,"column":56}},"34":{"start":{"line":35,"column":0},"end":{"line":35,"column":68}},"35":{"start":{"line":36,"column":0},"end":{"line":36,"column":7}},"36":{"start":{"line":37,"column":0},"end":{"line":37,"column":33}},"37":{"start":{"line":38,"column":0},"end":{"line":38,"column":11}},"38":{"start":{"line":39,"column":0},"end":{"line":39,"column":24}},"39":{"start":{"line":40,"column":0},"end":{"line":40,"column":70}},"40":{"start":{"line":41,"column":0},"end":{"line":41,"column":16}},"41":{"start":{"line":42,"column":0},"end":{"line":42,"column":50}},"42":{"start":{"line":43,"column":0},"end":{"line":43,"column":9}},"43":{"start":{"line":44,"column":0},"end":{"line":44,"column":42}},"44":{"start":{"line":45,"column":0},"end":{"line":45,"column":37}},"45":{"start":{"line":46,"column":0},"end":{"line":46,"column":23}},"46":{"start":{"line":47,"column":0},"end":{"line":47,"column":55}},"47":{"start":{"line":48,"column":0},"end":{"line":48,"column":7}},"48":{"start":{"line":49,"column":0},"end":{"line":49,"column":6}},"49":{"start":{"line":50,"column":0},"end":{"line":50,"column":5}},"51":{"start":{"line":52,"column":0},"end":{"line":52,"column":10}},"52":{"start":{"line":53,"column":0},"end":{"line":53,"column":66}},"53":{"start":{"line":54,"column":0},"end":{"line":54,"column":82}},"54":{"start":{"line":55,"column":0},"end":{"line":55,"column":21}},"55":{"start":{"line":56,"column":0},"end":{"line":56,"column":72}},"56":{"start":{"line":57,"column":0},"end":{"line":57,"column":20}},"57":{"start":{"line":58,"column":0},"end":{"line":58,"column":21}},"58":{"start":{"line":59,"column":0},"end":{"line":59,"column":27}},"59":{"start":{"line":60,"column":0},"end":{"line":60,"column":25}},"60":{"start":{"line":61,"column":0},"end":{"line":61,"column":24}},"61":{"start":{"line":62,"column":0},"end":{"line":62,"column":39}},"62":{"start":{"line":63,"column":0},"end":{"line":63,"column":42}},"63":{"start":{"line":64,"column":0},"end":{"line":64,"column":38}},"64":{"start":{"line":65,"column":0},"end":{"line":65,"column":72}},"65":{"start":{"line":66,"column":0},"end":{"line":66,"column":68}},"67":{"start":{"line":68,"column":0},"end":{"line":68,"column":20}},"68":{"start":{"line":69,"column":0},"end":{"line":69,"column":21}},"69":{"start":{"line":70,"column":0},"end":{"line":70,"column":27}},"70":{"start":{"line":71,"column":0},"end":{"line":71,"column":26}},"71":{"start":{"line":72,"column":0},"end":{"line":72,"column":25}},"72":{"start":{"line":73,"column":0},"end":{"line":73,"column":40}},"73":{"start":{"line":74,"column":0},"end":{"line":74,"column":42}},"74":{"start":{"line":75,"column":0},"end":{"line":75,"column":38}},"75":{"start":{"line":76,"column":0},"end":{"line":76,"column":74}},"76":{"start":{"line":77,"column":0},"end":{"line":77,"column":70}},"78":{"start":{"line":79,"column":0},"end":{"line":79,"column":20}},"79":{"start":{"line":80,"column":0},"end":{"line":80,"column":21}},"80":{"start":{"line":81,"column":0},"end":{"line":81,"column":27}},"81":{"start":{"line":82,"column":0},"end":{"line":82,"column":25}},"82":{"start":{"line":83,"column":0},"end":{"line":83,"column":24}},"83":{"start":{"line":84,"column":0},"end":{"line":84,"column":39}},"84":{"start":{"line":85,"column":0},"end":{"line":85,"column":42}},"85":{"start":{"line":86,"column":0},"end":{"line":86,"column":38}},"86":{"start":{"line":87,"column":0},"end":{"line":87,"column":72}},"87":{"start":{"line":88,"column":0},"end":{"line":88,"column":68}},"90":{"start":{"line":91,"column":0},"end":{"line":91,"column":20}},"91":{"start":{"line":92,"column":0},"end":{"line":92,"column":21}},"92":{"start":{"line":93,"column":0},"end":{"line":93,"column":27}},"93":{"start":{"line":94,"column":0},"end":{"line":94,"column":31}},"94":{"start":{"line":95,"column":0},"end":{"line":95,"column":30}},"95":{"start":{"line":96,"column":0},"end":{"line":96,"column":45}},"96":{"start":{"line":97,"column":0},"end":{"line":97,"column":42}},"97":{"start":{"line":98,"column":0},"end":{"line":98,"column":38}},"98":{"start":{"line":99,"column":0},"end":{"line":99,"column":84}},"99":{"start":{"line":100,"column":0},"end":{"line":100,"column":80}},"100":{"start":{"line":101,"column":0},"end":{"line":101,"column":21}},"101":{"start":{"line":102,"column":0},"end":{"line":102,"column":57}},"102":{"start":{"line":103,"column":0},"end":{"line":103,"column":17}},"103":{"start":{"line":104,"column":0},"end":{"line":104,"column":62}},"104":{"start":{"line":105,"column":0},"end":{"line":105,"column":14}},"108":{"start":{"line":109,"column":0},"end":{"line":109,"column":21}},"109":{"start":{"line":110,"column":0},"end":{"line":110,"column":15}},"110":{"start":{"line":111,"column":0},"end":{"line":111,"column":23}},"111":{"start":{"line":112,"column":0},"end":{"line":112,"column":91}},"112":{"start":{"line":113,"column":0},"end":{"line":113,"column":29}},"113":{"start":{"line":114,"column":0},"end":{"line":114,"column":25}},"115":{"start":{"line":116,"column":0},"end":{"line":116,"column":57}},"117":{"start":{"line":118,"column":0},"end":{"line":118,"column":71}},"123":{"start":{"line":124,"column":0},"end":{"line":124,"column":2}},"125":{"start":{"line":126,"column":0},"end":{"line":126,"column":25}}},"s":{"0":1,"9":1,"10":1,"11":1,"12":1,"13":1,"21":1,"22":17,"23":17,"24":17,"25":17,"26":17,"28":17,"29":17,"30":17,"31":17,"32":17,"33":17,"34":17,"35":17,"36":17,"37":2,"38":2,"39":1,"40":1,"41":1,"42":1,"43":2,"44":2,"45":2,"46":0,"47":0,"48":2,"49":17,"51":17,"52":17,"53":17,"54":17,"55":17,"56":17,"57":17,"58":17,"59":17,"60":17,"61":17,"62":17,"63":17,"64":17,"65":17,"67":17,"68":17,"69":17,"70":17,"71":17,"72":17,"73":17,"74":17,"75":17,"76":17,"78":17,"79":17,"80":17,"81":17,"82":17,"83":17,"84":17,"85":17,"86":17,"87":17,"90":17,"91":17,"92":17,"93":17,"94":17,"95":17,"96":17,"97":17,"98":17,"99":17,"100":17,"101":17,"102":17,"103":17,"104":17,"108":17,"109":17,"110":17,"111":17,"112":17,"113":17,"115":17,"117":17,"123":17,"125":1},"branchMap":{"0":{"type":"branch","line":22,"loc":{"start":{"line":22,"column":44},"end":{"line":124,"column":2}},"locations":[{"start":{"line":22,"column":44},"end":{"line":124,"column":2}}]},"1":{"type":"branch","line":54,"loc":{"start":{"line":54,"column":36},"end":{"line":54,"column":53}},"locations":[{"start":{"line":54,"column":36},"end":{"line":54,"column":53}}]},"2":{"type":"branch","line":54,"loc":{"start":{"line":54,"column":39},"end":{"line":54,"column":82}},"locations":[{"start":{"line":54,"column":39},"end":{"line":54,"column":82}}]},"3":{"type":"branch","line":65,"loc":{"start":{"line":65,"column":39},"end":{"line":65,"column":72}},"locations":[{"start":{"line":65,"column":39},"end":{"line":65,"column":72}}]},"4":{"type":"branch","line":66,"loc":{"start":{"line":66,"column":44},"end":{"line":66,"column":67}},"locations":[{"start":{"line":66,"column":44},"end":{"line":66,"column":67}}]},"5":{"type":"branch","line":76,"loc":{"start":{"line":76,"column":40},"end":{"line":76,"column":74}},"locations":[{"start":{"line":76,"column":40},"end":{"line":76,"column":74}}]},"6":{"type":"branch","line":77,"loc":{"start":{"line":77,"column":45},"end":{"line":77,"column":69}},"locations":[{"start":{"line":77,"column":45},"end":{"line":77,"column":69}}]},"7":{"type":"branch","line":87,"loc":{"start":{"line":87,"column":39},"end":{"line":87,"column":72}},"locations":[{"start":{"line":87,"column":39},"end":{"line":87,"column":72}}]},"8":{"type":"branch","line":88,"loc":{"start":{"line":88,"column":44},"end":{"line":88,"column":67}},"locations":[{"start":{"line":88,"column":44},"end":{"line":88,"column":67}}]},"9":{"type":"branch","line":99,"loc":{"start":{"line":99,"column":45},"end":{"line":99,"column":84}},"locations":[{"start":{"line":99,"column":45},"end":{"line":99,"column":84}}]},"10":{"type":"branch","line":100,"loc":{"start":{"line":100,"column":50},"end":{"line":100,"column":79}},"locations":[{"start":{"line":100,"column":50},"end":{"line":100,"column":79}}]},"11":{"type":"branch","line":116,"loc":{"start":{"line":116,"column":27},"end":{"line":116,"column":46}},"locations":[{"start":{"line":116,"column":27},"end":{"line":116,"column":46}}]},"12":{"type":"branch","line":116,"loc":{"start":{"line":116,"column":30},"end":{"line":116,"column":57}},"locations":[{"start":{"line":116,"column":30},"end":{"line":116,"column":57}}]},"13":{"type":"branch","line":37,"loc":{"start":{"line":37,"column":14},"end":{"line":49,"column":6}},"locations":[{"start":{"line":37,"column":14},"end":{"line":49,"column":6}}]},"14":{"type":"branch","line":39,"loc":{"start":{"line":39,"column":23},"end":{"line":43,"column":9}},"locations":[{"start":{"line":39,"column":23},"end":{"line":43,"column":9}}]},"15":{"type":"branch","line":46,"loc":{"start":{"line":46,"column":8},"end":{"line":48,"column":7}},"locations":[{"start":{"line":46,"column":8},"end":{"line":48,"column":7}}]}},"b":{"0":[17],"1":[7],"2":[10],"3":[6],"4":[6],"5":[6],"6":[6],"7":[6],"8":[6],"9":[6],"10":[6],"11":[7],"12":[10],"13":[2],"14":[1],"15":[0]},"fnMap":{"0":{"name":"BookModal","decl":{"start":{"line":22,"column":44},"end":{"line":124,"column":2}},"loc":{"start":{"line":22,"column":44},"end":{"line":124,"column":2}},"line":22},"1":{"name":"onSubmit","decl":{"start":{"line":37,"column":14},"end":{"line":49,"column":6}},"loc":{"start":{"line":37,"column":14},"end":{"line":49,"column":6}},"line":37}},"f":{"0":17,"1":2}}
,"/Users/iustefan/Projects/personal-library-manager-vite/src/components/BookList.tsx": {"path":"/Users/iustefan/Projects/personal-library-manager-vite/src/components/BookList.tsx","all":false,"statementMap":{"0":{"start":{"line":1,"column":0},"end":{"line":1,"column":40}},"16":{"start":{"line":17,"column":0},"end":{"line":17,"column":23}},"17":{"start":{"line":18,"column":0},"end":{"line":18,"column":45}},"18":{"start":{"line":19,"column":0},"end":{"line":19,"column":54}},"19":{"start":{"line":20,"column":0},"end":{"line":20,"column":44}},"20":{"start":{"line":21,"column":0},"end":{"line":21,"column":48}},"21":{"start":{"line":22,"column":0},"end":{"line":22,"column":52}},"22":{"start":{"line":23,"column":0},"end":{"line":23,"column":60}},"23":{"start":{"line":24,"column":0},"end":{"line":24,"column":60}},"24":{"start":{"line":25,"column":0},"end":{"line":25,"column":46}},"26":{"start":{"line":27,"column":0},"end":{"line":27,"column":34}},"27":{"start":{"line":28,"column":0},"end":{"line":28,"column":57}},"28":{"start":{"line":29,"column":0},"end":{"line":29,"column":42}},"29":{"start":{"line":30,"column":0},"end":{"line":30,"column":66}},"30":{"start":{"line":31,"column":0},"end":{"line":31,"column":70}},"31":{"start":{"line":32,"column":0},"end":{"line":32,"column":72}},"33":{"start":{"line":34,"column":0},"end":{"line":34,"column":52}},"34":{"start":{"line":35,"column":0},"end":{"line":35,"column":26}},"35":{"start":{"line":36,"column":0},"end":{"line":36,"column":18}},"36":{"start":{"line":37,"column":0},"end":{"line":37,"column":4}},"38":{"start":{"line":39,"column":0},"end":{"line":39,"column":29}},"39":{"start":{"line":40,"column":0},"end":{"line":40,"column":19}},"40":{"start":{"line":41,"column":0},"end":{"line":41,"column":26}},"41":{"start":{"line":42,"column":0},"end":{"line":42,"column":4}},"43":{"start":{"line":44,"column":0},"end":{"line":44,"column":52}},"44":{"start":{"line":45,"column":0},"end":{"line":45,"column":26}},"45":{"start":{"line":46,"column":0},"end":{"line":46,"column":30}},"46":{"start":{"line":47,"column":0},"end":{"line":47,"column":4}},"48":{"start":{"line":49,"column":0},"end":{"line":49,"column":36}},"49":{"start":{"line":50,"column":0},"end":{"line":50,"column":23}},"50":{"start":{"line":51,"column":0},"end":{"line":51,"column":11}},"51":{"start":{"line":52,"column":0},"end":{"line":52,"column":43}},"52":{"start":{"line":53,"column":0},"end":{"line":53,"column":17}},"53":{"start":{"line":54,"column":0},"end":{"line":54,"column":23}},"54":{"start":{"line":55,"column":0},"end":{"line":55,"column":53}},"55":{"start":{"line":56,"column":0},"end":{"line":56,"column":17}},"56":{"start":{"line":57,"column":0},"end":{"line":57,"column":35}},"57":{"start":{"line":58,"column":0},"end":{"line":58,"column":30}},"58":{"start":{"line":59,"column":0},"end":{"line":59,"column":7}},"59":{"start":{"line":60,"column":0},"end":{"line":60,"column":5}},"60":{"start":{"line":61,"column":0},"end":{"line":61,"column":4}},"62":{"start":{"line":63,"column":0},"end":{"line":63,"column":41}},"63":{"start":{"line":64,"column":0},"end":{"line":64,"column":59}},"64":{"start":{"line":65,"column":0},"end":{"line":65,"column":4}},"66":{"start":{"line":67,"column":0},"end":{"line":67,"column":42}},"67":{"start":{"line":68,"column":0},"end":{"line":68,"column":48}},"69":{"start":{"line":70,"column":0},"end":{"line":70,"column":10}},"70":{"start":{"line":71,"column":0},"end":{"line":71,"column":46}},"71":{"start":{"line":72,"column":0},"end":{"line":72,"column":25}},"72":{"start":{"line":73,"column":0},"end":{"line":73,"column":52}},"73":{"start":{"line":74,"column":0},"end":{"line":74,"column":15}},"74":{"start":{"line":75,"column":0},"end":{"line":75,"column":25}},"75":{"start":{"line":76,"column":0},"end":{"line":76,"column":17}},"76":{"start":{"line":77,"column":0},"end":{"line":77,"column":30}},"77":{"start":{"line":78,"column":0},"end":{"line":78,"column":38}},"78":{"start":{"line":79,"column":0},"end":{"line":79,"column":27}},"79":{"start":{"line":80,"column":0},"end":{"line":80,"column":20}},"80":{"start":{"line":81,"column":0},"end":{"line":81,"column":42}},"81":{"start":{"line":82,"column":0},"end":{"line":82,"column":56}},"82":{"start":{"line":83,"column":0},"end":{"line":83,"column":35}},"83":{"start":{"line":84,"column":0},"end":{"line":84,"column":14}},"85":{"start":{"line":86,"column":0},"end":{"line":86,"column":47}},"86":{"start":{"line":87,"column":0},"end":{"line":87,"column":69}},"87":{"start":{"line":88,"column":0},"end":{"line":88,"column":38}},"88":{"start":{"line":89,"column":0},"end":{"line":89,"column":76}},"89":{"start":{"line":90,"column":0},"end":{"line":90,"column":31}},"90":{"start":{"line":91,"column":0},"end":{"line":91,"column":34}},"91":{"start":{"line":92,"column":0},"end":{"line":92,"column":39}},"92":{"start":{"line":93,"column":0},"end":{"line":93,"column":27}},"93":{"start":{"line":94,"column":0},"end":{"line":94,"column":80}},"94":{"start":{"line":95,"column":0},"end":{"line":95,"column":84}},"95":{"start":{"line":96,"column":0},"end":{"line":96,"column":82}},"96":{"start":{"line":97,"column":0},"end":{"line":97,"column":78}},"97":{"start":{"line":98,"column":0},"end":{"line":98,"column":52}},"98":{"start":{"line":99,"column":0},"end":{"line":99,"column":42}},"99":{"start":{"line":100,"column":0},"end":{"line":100,"column":24}},"101":{"start":{"line":102,"column":0},"end":{"line":102,"column":47}},"105":{"start":{"line":106,"column":0},"end":{"line":106,"column":80}},"106":{"start":{"line":107,"column":0},"end":{"line":107,"column":29}},"107":{"start":{"line":108,"column":0},"end":{"line":108,"column":37}},"108":{"start":{"line":109,"column":0},"end":{"line":109,"column":42}},"109":{"start":{"line":110,"column":0},"end":{"line":110,"column":40}},"110":{"start":{"line":111,"column":0},"end":{"line":111,"column":22}},"112":{"start":{"line":113,"column":0},"end":{"line":113,"column":86}},"116":{"start":{"line":117,"column":0},"end":{"line":117,"column":18}},"117":{"start":{"line":118,"column":0},"end":{"line":118,"column":21}},"118":{"start":{"line":119,"column":0},"end":{"line":119,"column":34}},"119":{"start":{"line":120,"column":0},"end":{"line":120,"column":50}},"120":{"start":{"line":121,"column":0},"end":{"line":121,"column":25}},"121":{"start":{"line":122,"column":0},"end":{"line":122,"column":24}},"122":{"start":{"line":123,"column":0},"end":{"line":123,"column":18}},"124":{"start":{"line":125,"column":0},"end":{"line":125,"column":67}},"125":{"start":{"line":126,"column":0},"end":{"line":126,"column":31}},"127":{"start":{"line":128,"column":0},"end":{"line":128,"column":67}},"128":{"start":{"line":129,"column":0},"end":{"line":129,"column":30}},"131":{"start":{"line":132,"column":0},"end":{"line":132,"column":40}},"132":{"start":{"line":133,"column":0},"end":{"line":133,"column":75}},"133":{"start":{"line":134,"column":0},"end":{"line":134,"column":43}},"134":{"start":{"line":135,"column":0},"end":{"line":135,"column":29}},"135":{"start":{"line":136,"column":0},"end":{"line":136,"column":35}},"136":{"start":{"line":137,"column":0},"end":{"line":137,"column":37}},"137":{"start":{"line":138,"column":0},"end":{"line":138,"column":42}},"138":{"start":{"line":139,"column":0},"end":{"line":139,"column":39}},"139":{"start":{"line":140,"column":0},"end":{"line":140,"column":22}},"141":{"start":{"line":142,"column":0},"end":{"line":142,"column":32}},"144":{"start":{"line":145,"column":0},"end":{"line":145,"column":45}},"145":{"start":{"line":146,"column":0},"end":{"line":146,"column":29}},"146":{"start":{"line":147,"column":0},"end":{"line":147,"column":33}},"147":{"start":{"line":148,"column":0},"end":{"line":148,"column":37}},"148":{"start":{"line":149,"column":0},"end":{"line":149,"column":42}},"149":{"start":{"line":150,"column":0},"end":{"line":150,"column":53}},"150":{"start":{"line":151,"column":0},"end":{"line":151,"column":22}},"152":{"start":{"line":153,"column":0},"end":{"line":153,"column":34}},"157":{"start":{"line":158,"column":0},"end":{"line":158,"column":21}},"158":{"start":{"line":159,"column":0},"end":{"line":159,"column":41}},"159":{"start":{"line":160,"column":0},"end":{"line":160,"column":28}},"160":{"start":{"line":161,"column":0},"end":{"line":161,"column":27}},"161":{"start":{"line":162,"column":0},"end":{"line":162,"column":35}},"163":{"start":{"line":164,"column":0},"end":{"line":164,"column":48}},"164":{"start":{"line":165,"column":0},"end":{"line":165,"column":73}},"169":{"start":{"line":170,"column":0},"end":{"line":170,"column":10}},"170":{"start":{"line":171,"column":0},"end":{"line":171,"column":23}},"171":{"start":{"line":172,"column":0},"end":{"line":172,"column":24}},"172":{"start":{"line":173,"column":0},"end":{"line":173,"column":36}},"173":{"start":{"line":174,"column":0},"end":{"line":174,"column":13}},"174":{"start":{"line":175,"column":0},"end":{"line":175,"column":28}},"175":{"start":{"line":176,"column":0},"end":{"line":176,"column":21}},"176":{"start":{"line":177,"column":0},"end":{"line":177,"column":20}},"177":{"start":{"line":178,"column":0},"end":{"line":178,"column":10}},"179":{"start":{"line":180,"column":0},"end":{"line":180,"column":19}},"181":{"start":{"line":182,"column":0},"end":{"line":182,"column":16}},"182":{"start":{"line":183,"column":0},"end":{"line":183,"column":22}},"183":{"start":{"line":184,"column":0},"end":{"line":184,"column":21}},"184":{"start":{"line":185,"column":0},"end":{"line":185,"column":25}},"185":{"start":{"line":186,"column":0},"end":{"line":186,"column":29}},"186":{"start":{"line":187,"column":0},"end":{"line":187,"column":24}},"187":{"start":{"line":188,"column":0},"end":{"line":188,"column":25}},"188":{"start":{"line":189,"column":0},"end":{"line":189,"column":24}},"189":{"start":{"line":190,"column":0},"end":{"line":190,"column":30}},"190":{"start":{"line":191,"column":0},"end":{"line":191,"column":13}},"192":{"start":{"line":193,"column":0},"end":{"line":193,"column":31}},"195":{"start":{"line":196,"column":0},"end":{"line":196,"column":13}},"196":{"start":{"line":197,"column":0},"end":{"line":197,"column":31}},"197":{"start":{"line":198,"column":0},"end":{"line":198,"column":50}},"199":{"start":{"line":200,"column":0},"end":{"line":200,"column":21}},"200":{"start":{"line":201,"column":0},"end":{"line":201,"column":46}},"201":{"start":{"line":202,"column":0},"end":{"line":202,"column":49}},"203":{"start":{"line":204,"column":0},"end":{"line":204,"column":23}},"204":{"start":{"line":205,"column":0},"end":{"line":205,"column":17}},"205":{"start":{"line":206,"column":0},"end":{"line":206,"column":54}},"206":{"start":{"line":207,"column":0},"end":{"line":207,"column":30}},"207":{"start":{"line":208,"column":0},"end":{"line":208,"column":29}},"208":{"start":{"line":209,"column":0},"end":{"line":209,"column":11}},"211":{"start":{"line":212,"column":0},"end":{"line":212,"column":17}},"212":{"start":{"line":213,"column":0},"end":{"line":213,"column":34}},"213":{"start":{"line":214,"column":0},"end":{"line":214,"column":31}},"214":{"start":{"line":215,"column":0},"end":{"line":215,"column":25}},"215":{"start":{"line":216,"column":0},"end":{"line":216,"column":11}},"222":{"start":{"line":223,"column":0},"end":{"line":223,"column":2}},"224":{"start":{"line":225,"column":0},"end":{"line":225,"column":24}}},"s":{"0":1,"16":1,"17":1,"18":1,"19":1,"20":1,"21":1,"22":1,"23":1,"24":1,"26":1,"27":13,"28":13,"29":13,"30":13,"31":13,"33":13,"34":2,"35":2,"36":2,"38":13,"39":0,"40":0,"41":0,"43":13,"44":1,"45":1,"46":1,"48":13,"49":1,"50":1,"51":1,"52":1,"53":1,"54":0,"55":1,"56":1,"57":1,"58":1,"59":1,"60":1,"62":13,"63":2,"64":2,"66":13,"67":13,"69":13,"70":13,"71":13,"72":13,"73":13,"74":13,"75":13,"76":13,"77":13,"78":13,"79":13,"80":13,"81":13,"82":13,"83":13,"85":13,"86":13,"87":13,"88":13,"89":13,"90":13,"91":13,"92":13,"93":13,"94":13,"95":13,"96":13,"97":13,"98":13,"99":13,"101":13,"105":13,"106":13,"107":13,"108":2,"109":2,"110":2,"112":13,"116":13,"117":13,"118":13,"119":13,"120":13,"121":13,"122":13,"124":13,"125":13,"127":13,"128":13,"131":13,"132":13,"133":13,"134":13,"135":13,"136":13,"137":1,"138":1,"139":1,"141":13,"144":13,"145":13,"146":13,"147":13,"148":1,"149":1,"150":1,"152":13,"157":13,"158":13,"159":13,"160":13,"161":13,"163":13,"164":13,"169":13,"170":13,"171":13,"172":13,"173":13,"174":13,"175":13,"176":13,"177":13,"179":13,"181":13,"182":13,"183":13,"184":13,"185":13,"186":1,"187":1,"188":1,"189":1,"190":1,"192":13,"195":13,"196":13,"197":13,"199":13,"200":13,"201":13,"203":13,"204":13,"205":13,"206":13,"207":13,"208":13,"211":13,"212":13,"213":13,"214":13,"215":13,"222":13,"224":1},"branchMap":{"0":{"type":"branch","line":27,"loc":{"start":{"line":27,"column":27},"end":{"line":223,"column":2}},"locations":[{"start":{"line":27,"column":27},"end":{"line":223,"column":2}}]},"1":{"type":"branch","line":186,"loc":{"start":{"line":186,"column":12},"end":{"line":191,"column":13}},"locations":[{"start":{"line":186,"column":12},"end":{"line":191,"column":13}}]},"2":{"type":"branch","line":202,"loc":{"start":{"line":202,"column":19},"end":{"line":202,"column":48}},"locations":[{"start":{"line":202,"column":19},"end":{"line":202,"column":48}}]},"3":{"type":"branch","line":34,"loc":{"start":{"line":34,"column":21},"end":{"line":37,"column":4}},"locations":[{"start":{"line":34,"column":21},"end":{"line":37,"column":4}}]},"4":{"type":"branch","line":44,"loc":{"start":{"line":44,"column":35},"end":{"line":47,"column":4}},"locations":[{"start":{"line":44,"column":35},"end":{"line":47,"column":4}}]},"5":{"type":"branch","line":49,"loc":{"start":{"line":49,"column":23},"end":{"line":61,"column":4}},"locations":[{"start":{"line":49,"column":23},"end":{"line":61,"column":4}}]},"6":{"type":"branch","line":54,"loc":{"start":{"line":54,"column":8},"end":{"line":56,"column":16}},"locations":[{"start":{"line":54,"column":8},"end":{"line":56,"column":16}}]},"7":{"type":"branch","line":63,"loc":{"start":{"line":63,"column":21},"end":{"line":65,"column":4}},"locations":[{"start":{"line":63,"column":21},"end":{"line":65,"column":4}}]},"8":{"type":"branch","line":64,"loc":{"start":{"line":64,"column":37},"end":{"line":64,"column":52}},"locations":[{"start":{"line":64,"column":37},"end":{"line":64,"column":52}}]},"9":{"type":"branch","line":64,"loc":{"start":{"line":64,"column":45},"end":{"line":64,"column":59}},"locations":[{"start":{"line":64,"column":45},"end":{"line":64,"column":59}}]},"10":{"type":"branch","line":89,"loc":{"start":{"line":89,"column":51},"end":{"line":89,"column":69}},"locations":[{"start":{"line":89,"column":51},"end":{"line":89,"column":69}}]},"11":{"type":"branch","line":89,"loc":{"start":{"line":89,"column":69},"end":{"line":89,"column":76}},"locations":[{"start":{"line":89,"column":69},"end":{"line":89,"column":76}}]},"12":{"type":"branch","line":94,"loc":{"start":{"line":94,"column":51},"end":{"line":94,"column":71}},"locations":[{"start":{"line":94,"column":51},"end":{"line":94,"column":71}}]},"13":{"type":"branch","line":94,"loc":{"start":{"line":94,"column":59},"end":{"line":94,"column":80}},"locations":[{"start":{"line":94,"column":59},"end":{"line":94,"column":80}}]},"14":{"type":"branch","line":95,"loc":{"start":{"line":95,"column":55},"end":{"line":95,"column":73}},"locations":[{"start":{"line":95,"column":55},"end":{"line":95,"column":73}}]},"15":{"type":"branch","line":95,"loc":{"start":{"line":95,"column":63},"end":{"line":95,"column":84}},"locations":[{"start":{"line":95,"column":63},"end":{"line":95,"column":84}}]},"16":{"type":"branch","line":96,"loc":{"start":{"line":96,"column":50},"end":{"line":96,"column":68}},"locations":[{"start":{"line":96,"column":50},"end":{"line":96,"column":68}}]},"17":{"type":"branch","line":96,"loc":{"start":{"line":96,"column":58},"end":{"line":96,"column":82}},"locations":[{"start":{"line":96,"column":58},"end":{"line":96,"column":82}}]},"18":{"type":"branch","line":97,"loc":{"start":{"line":97,"column":58},"end":{"line":97,"column":76}},"locations":[{"start":{"line":97,"column":58},"end":{"line":97,"column":76}}]},"19":{"type":"branch","line":97,"loc":{"start":{"line":97,"column":66},"end":{"line":97,"column":78}},"locations":[{"start":{"line":97,"column":66},"end":{"line":97,"column":78}}]},"20":{"type":"branch","line":106,"loc":{"start":{"line":106,"column":49},"end":{"line":106,"column":70}},"locations":[{"start":{"line":106,"column":49},"end":{"line":106,"column":70}}]},"21":{"type":"branch","line":106,"loc":{"start":{"line":106,"column":57},"end":{"line":106,"column":80}},"locations":[{"start":{"line":106,"column":57},"end":{"line":106,"column":80}}]},"22":{"type":"branch","line":113,"loc":{"start":{"line":113,"column":38},"end":{"line":113,"column":68}},"locations":[{"start":{"line":113,"column":38},"end":{"line":113,"column":68}}]},"23":{"type":"branch","line":108,"loc":{"start":{"line":108,"column":29},"end":{"line":111,"column":22}},"locations":[{"start":{"line":108,"column":29},"end":{"line":111,"column":22}}]},"24":{"type":"branch","line":137,"loc":{"start":{"line":137,"column":29},"end":{"line":140,"column":22}},"locations":[{"start":{"line":137,"column":29},"end":{"line":140,"column":22}}]},"25":{"type":"branch","line":148,"loc":{"start":{"line":148,"column":29},"end":{"line":151,"column":22}},"locations":[{"start":{"line":148,"column":29},"end":{"line":151,"column":22}}]},"26":{"type":"branch","line":173,"loc":{"start":{"line":173,"column":17},"end":{"line":173,"column":36}},"locations":[{"start":{"line":173,"column":17},"end":{"line":173,"column":36}}]}},"b":{"0":[13],"1":[1],"2":[2],"3":[2],"4":[1],"5":[1],"6":[0],"7":[2],"8":[1],"9":[1],"10":[21],"11":[1],"12":[1],"13":[21],"14":[1],"15":[21],"16":[1],"17":[21],"18":[1],"19":[21],"20":[1],"21":[21],"22":[1],"23":[2],"24":[1],"25":[1],"26":[1]},"fnMap":{"0":{"name":"BookList","decl":{"start":{"line":27,"column":27},"end":{"line":223,"column":2}},"loc":{"start":{"line":27,"column":27},"end":{"line":223,"column":2}},"line":27},"1":{"name":"handleOpen","decl":{"start":{"line":34,"column":21},"end":{"line":37,"column":4}},"loc":{"start":{"line":34,"column":21},"end":{"line":37,"column":4}},"line":34},"2":{"name":"handleClose","decl":{"start":{"line":39,"column":22},"end":{"line":42,"column":4}},"loc":{"start":{"line":39,"column":22},"end":{"line":42,"column":4}},"line":39},"3":{"name":"handleDeleteConfirmation","decl":{"start":{"line":44,"column":35},"end":{"line":47,"column":4}},"loc":{"start":{"line":44,"column":35},"end":{"line":47,"column":4}},"line":44},"4":{"name":"handleDelete","decl":{"start":{"line":49,"column":23},"end":{"line":61,"column":4}},"loc":{"start":{"line":49,"column":23},"end":{"line":61,"column":4}},"line":49},"5":{"name":"toggleCard","decl":{"start":{"line":63,"column":21},"end":{"line":65,"column":4}},"loc":{"start":{"line":63,"column":21},"end":{"line":65,"column":4}},"line":63},"6":{"name":"onClick","decl":{"start":{"line":108,"column":29},"end":{"line":111,"column":22}},"loc":{"start":{"line":108,"column":29},"end":{"line":111,"column":22}},"line":108},"7":{"name":"onClick","decl":{"start":{"line":137,"column":29},"end":{"line":140,"column":22}},"loc":{"start":{"line":137,"column":29},"end":{"line":140,"column":22}},"line":137},"8":{"name":"onClick","decl":{"start":{"line":148,"column":29},"end":{"line":151,"column":22}},"loc":{"start":{"line":148,"column":29},"end":{"line":151,"column":22}},"line":148},"9":{"name":"onClick","decl":{"start":{"line":173,"column":17},"end":{"line":173,"column":36}},"loc":{"start":{"line":173,"column":17},"end":{"line":173,"column":36}},"line":173},"10":{"name":"onClose","decl":{"start":{"line":198,"column":17},"end":{"line":198,"column":50}},"loc":{"start":{"line":198,"column":17},"end":{"line":198,"column":50}},"line":198},"11":{"name":"onClick","decl":{"start":{"line":206,"column":21},"end":{"line":206,"column":54}},"loc":{"start":{"line":206,"column":21},"end":{"line":206,"column":54}},"line":206}},"f":{"0":13,"1":2,"2":0,"3":1,"4":1,"5":2,"6":2,"7":1,"8":1,"9":1,"10":0,"11":0}}
,"/Users/iustefan/Projects/personal-library-manager-vite/src/hooks/useBooks.ts": {"path":"/Users/iustefan/Projects/personal-library-manager-vite/src/hooks/useBooks.ts","all":false,"statementMap":{"0":{"start":{"line":1,"column":0},"end":{"line":1,"column":25}},"4":{"start":{"line":5,"column":0},"end":{"line":5,"column":27}},"5":{"start":{"line":6,"column":0},"end":{"line":6,"column":72}},"7":{"start":{"line":8,"column":0},"end":{"line":8,"column":33}},"8":{"start":{"line":9,"column":0},"end":{"line":9,"column":31}},"9":{"start":{"line":10,"column":0},"end":{"line":10,"column":79}},"11":{"start":{"line":12,"column":0},"end":{"line":12,"column":10}},"12":{"start":{"line":13,"column":0},"end":{"line":13,"column":16}},"13":{"start":{"line":14,"column":0},"end":{"line":14,"column":10}},"14":{"start":{"line":15,"column":0},"end":{"line":15,"column":14}},"15":{"start":{"line":16,"column":0},"end":{"line":16,"column":51}},"16":{"start":{"line":17,"column":0},"end":{"line":17,"column":4}},"17":{"start":{"line":18,"column":0},"end":{"line":18,"column":2}}},"s":{"0":1,"4":1,"5":1,"7":1,"8":1,"9":4,"11":4,"12":4,"13":4,"14":4,"15":4,"16":4,"17":4},"branchMap":{"0":{"type":"branch","line":9,"loc":{"start":{"line":9,"column":24},"end":{"line":18,"column":2}},"locations":[{"start":{"line":9,"column":24},"end":{"line":18,"column":2}}]}},"b":{"0":[4]},"fnMap":{"0":{"name":"fetcher","decl":{"start":{"line":6,"column":16},"end":{"line":6,"column":72}},"loc":{"start":{"line":6,"column":16},"end":{"line":6,"column":72}},"line":6},"1":{"name":"useBooks","decl":{"start":{"line":9,"column":24},"end":{"line":18,"column":2}},"loc":{"start":{"line":9,"column":24},"end":{"line":18,"column":2}},"line":9}},"f":{"0":0,"1":4}}
}
